<?xml version="1.0" encoding="UTF-8"?>
<!-- Generated by org.testng.reporters.JUnitXMLReporter -->
<testsuite ignored="0" hostname="Workstation-40" failures="0" tests="3" name="Default test" time="218.82" errors="0" timestamp="2021-06-14T12:02:36 SGT">
  <testcase classname="TestCases.Configuration_Module.Category_Tab.AUT_CMWeb_ManagingMerchandiseCategory" name="create" time="62.984"/>
  <testcase classname="TestCases.Configuration_Module.Category_Tab.AUT_CMWeb_ManagingMerchandiseCategory" name="search" time="54.711"/>
  <testcase classname="TestCases.Configuration_Module.Category_Tab.AUT_CMWeb_ManagingMerchandiseCategory" name="edit" time="61.673"/>
</testsuite> <!-- Default test -->
