<?xml version="1.0" encoding="UTF-8"?>
<testng-results ignored="0" total="1" passed="1" failed="0" skipped="0">
  <reporter-output>
  </reporter-output>
  <suite started-at="2021-01-20T13:40:08 SGT" name="Default suite" finished-at="2021-01-20T13:41:11 SGT" duration-ms="63325">
    <groups>
    </groups>
    <test started-at="2021-01-20T13:40:08 SGT" name="Default test" finished-at="2021-01-20T13:41:11 SGT" duration-ms="63325">
      <class name="TestCases.Configuration_Module.Keyword_Tab.AUT_CMWeb_Menu_SearchKeyword">
        <test-method is-config="true" signature="setUpReport()[pri:0, instance:TestCases.Configuration_Module.Keyword_Tab.AUT_CMWeb_Menu_SearchKeyword@5403f35f]" started-at="2021-01-20T13:40:07 SGT" name="setUpReport" finished-at="2021-01-20T13:40:08 SGT" duration-ms="247" status="PASS">
          <reporter-output>
          </reporter-output>
        </test-method> <!-- setUpReport -->
        <test-method is-config="true" signature="beforeMethod()[pri:0, instance:TestCases.Configuration_Module.Keyword_Tab.AUT_CMWeb_Menu_SearchKeyword@5403f35f]" started-at="2021-01-20T13:40:08 SGT" name="beforeMethod" finished-at="2021-01-20T13:40:18 SGT" duration-ms="10902" status="PASS">
          <reporter-output>
          </reporter-output>
        </test-method> <!-- beforeMethod -->
        <test-method signature="main()[pri:0, instance:TestCases.Configuration_Module.Keyword_Tab.AUT_CMWeb_Menu_SearchKeyword@5403f35f]" started-at="2021-01-20T13:40:18 SGT" name="main" finished-at="2021-01-20T13:41:10 SGT" duration-ms="51626" status="PASS">
          <reporter-output>
          </reporter-output>
        </test-method> <!-- main -->
        <test-method is-config="true" signature="afterMethod(org.testng.ITestResult)[pri:0, instance:TestCases.Configuration_Module.Keyword_Tab.AUT_CMWeb_Menu_SearchKeyword@5403f35f]" started-at="2021-01-20T13:41:10 SGT" name="afterMethod" finished-at="2021-01-20T13:41:11 SGT" duration-ms="773" status="PASS">
          <params>
            <param index="0">
              <value>
                <![CDATA[[TestResult name=main status=SUCCESS method=AUT_CMWeb_Menu_SearchKeyword.main()[pri:0, instance:TestCases.Configuration_Module.Keyword_Tab.AUT_CMWeb_Menu_SearchKeyword@5403f35f] output={null}]]]>
              </value>
            </param>
          </params>
          <reporter-output>
          </reporter-output>
        </test-method> <!-- afterMethod -->
      </class> <!-- TestCases.Configuration_Module.Keyword_Tab.AUT_CMWeb_Menu_SearchKeyword -->
    </test> <!-- Default test -->
  </suite> <!-- Default suite -->
</testng-results>
