<?xml version="1.0" encoding="UTF-8"?>
<testng-results ignored="0" total="1" passed="1" failed="0" skipped="0">
  <reporter-output>
  </reporter-output>
  <suite started-at="2021-01-28T15:47:18 SGT" name="Default suite" finished-at="2021-01-28T15:47:45 SGT" duration-ms="27201">
    <groups>
    </groups>
    <test started-at="2021-01-28T15:47:18 SGT" name="Default test" finished-at="2021-01-28T15:47:45 SGT" duration-ms="27201">
      <class name="TestCases.Configuration_Module.Translation_Tab.AUT_CMWeb_EditTranslation">
        <test-method is-config="true" signature="setUpReport()[pri:0, instance:TestCases.Configuration_Module.Translation_Tab.AUT_CMWeb_EditTranslation@5403f35f]" started-at="2021-01-28T15:47:18 SGT" name="setUpReport" finished-at="2021-01-28T15:47:18 SGT" duration-ms="330" status="PASS">
          <reporter-output>
          </reporter-output>
        </test-method> <!-- setUpReport -->
        <test-method is-config="true" signature="beforeMethod()[pri:0, instance:TestCases.Configuration_Module.Translation_Tab.AUT_CMWeb_EditTranslation@5403f35f]" started-at="2021-01-28T15:47:18 SGT" name="beforeMethod" finished-at="2021-01-28T15:47:28 SGT" duration-ms="10074" status="PASS">
          <reporter-output>
          </reporter-output>
        </test-method> <!-- beforeMethod -->
        <test-method signature="main()[pri:0, instance:TestCases.Configuration_Module.Translation_Tab.AUT_CMWeb_EditTranslation@5403f35f]" started-at="2021-01-28T15:47:28 SGT" name="main" finished-at="2021-01-28T15:47:44 SGT" duration-ms="16161" status="PASS">
          <reporter-output>
          </reporter-output>
        </test-method> <!-- main -->
        <test-method is-config="true" signature="afterMethod(org.testng.ITestResult)[pri:0, instance:TestCases.Configuration_Module.Translation_Tab.AUT_CMWeb_EditTranslation@5403f35f]" started-at="2021-01-28T15:47:44 SGT" name="afterMethod" finished-at="2021-01-28T15:47:45 SGT" duration-ms="931" status="PASS">
          <params>
            <param index="0">
              <value>
                <![CDATA[[TestResult name=main status=SUCCESS method=AUT_CMWeb_EditTranslation.main()[pri:0, instance:TestCases.Configuration_Module.Translation_Tab.AUT_CMWeb_EditTranslation@5403f35f] output={null}]]]>
              </value>
            </param>
          </params>
          <reporter-output>
          </reporter-output>
        </test-method> <!-- afterMethod -->
      </class> <!-- TestCases.Configuration_Module.Translation_Tab.AUT_CMWeb_EditTranslation -->
    </test> <!-- Default test -->
  </suite> <!-- Default suite -->
</testng-results>
